<?xml version="1.0" encoding="UTF-8"?>
<!-- Generated by org.testng.reporters.JUnitReportReporter -->
<testsuite skipped="1" hostname="LAPTOP-02EF66VJ" name="testScripts.FileUploadTest" tests="2" failures="0" timestamp="2023-03-01T11:51:56 IST" time="6.959" errors="0">
  <testcase name="exFileUploadTest" time="6.959" classname="testScripts.FileUploadTest"/>
  <system-out/>
  <testcase name="fileUploadTest" classname="testScripts.FileUploadTest">
    <skipped/>
  </testcase> <!-- fileUploadTest -->
  <system-out/>
</testsuite> <!-- testScripts.FileUploadTest -->
