<?xml version="1.0" encoding="UTF-8"?>
<!-- Generated by org.testng.reporters.JUnitReportReporter -->
<testsuite skipped="0" hostname="LAPTOP-02EF66VJ" name="dataBase.fetchDBTest" tests="1" failures="0" timestamp="2023-03-07T10:53:37 IST" time="0.024" errors="0">
  <testcase name="test" time="0.024" classname="dataBase.fetchDBTest"/>
  <system-out/>
</testsuite> <!-- dataBase.fetchDBTest -->
