<?xml version="1.0" encoding="UTF-8"?>
<!-- Generated by org.testng.reporters.JUnitReportReporter -->
<testsuite skipped="1" hostname="LAPTOP-02EF66VJ" name="testScripts.FileDownloadTest" tests="2" failures="0" timestamp="2023-03-01T12:01:24 IST" time="10.974" errors="0">
  <testcase name="exFileDownloadTest" time="10.974" classname="testScripts.FileDownloadTest"/>
  <system-out/>
  <testcase name="download" classname="testScripts.FileDownloadTest">
    <skipped/>
  </testcase> <!-- download -->
  <system-out/>
</testsuite> <!-- testScripts.FileDownloadTest -->
