<?xml version="1.0" encoding="UTF-8"?>
<!-- Generated by org.testng.reporters.JUnitReportReporter -->
<testsuite skipped="0" hostname="LAPTOP-02EF66VJ" name="parallelScripts.SampleTwoTest" tests="4" failures="0" timestamp="2023-03-02T19:34:21 IST" time="0.015" errors="0">
  <testcase name="testThree" time="0.001" classname="parallelScripts.SampleTwoTest"/>
  <system-out/>
  <testcase name="testOne" time="0.001" classname="parallelScripts.SampleTwoTest"/>
  <system-out/>
  <testcase name="testTwo" time="0.001" classname="parallelScripts.SampleTwoTest"/>
  <system-out/>
  <testcase name="testFour" time="0.012" classname="parallelScripts.SampleTwoTest"/>
  <system-out/>
</testsuite> <!-- parallelScripts.SampleTwoTest -->
