<?xml version="1.0" encoding="UTF-8"?>
<!-- Generated by org.testng.reporters.JUnitReportReporter -->
<testsuite skipped="1" hostname="LAPTOP-02EF66VJ" name="testScripts.ExdaunbeStoreFileTest" tests="4" failures="0" timestamp="2023-03-03T10:20:56 IST" time="3.736" errors="0">
  <testcase name="registerTest" time="1.494" classname="testScripts.ExdaunbeStoreFileTest"/>
  <system-out/>
  <testcase name="searchItemTest" time="1.217" classname="testScripts.ExdaunbeStoreFileTest"/>
  <system-out/>
  <testcase name="checkoutTest" time="1.025" classname="testScripts.ExdaunbeStoreFileTest"/>
  <system-out/>
  <testcase name="loginTest" classname="testScripts.ExdaunbeStoreFileTest">
    <skipped/>
  </testcase> <!-- loginTest -->
  <system-out/>
</testsuite> <!-- testScripts.ExdaunbeStoreFileTest -->
