<?xml version="1.0" encoding="UTF-8"?>
<!-- Generated by org.testng.reporters.JUnitReportReporter -->
<testsuite skipped="0" hostname="LAPTOP-02EF66VJ" name="parallelScripts.SampleOneTest" tests="11" failures="0" timestamp="2023-03-02T19:44:15 IST" time="0.074" errors="0">
  <testcase name="testFour" time="0.013" classname="parallelScripts.SampleOneTest"/>
  <system-out/>
  <testcase name="testOne" time="0.001" classname="parallelScripts.SampleOneTest"/>
  <system-out/>
  <testcase name="testFour" time="0.014" classname="parallelScripts.SampleOneTest"/>
  <system-out/>
  <testcase name="testFour" time="0.013" classname="parallelScripts.SampleOneTest"/>
  <system-out/>
  <testcase name="testFour" time="0.002" classname="parallelScripts.SampleOneTest"/>
  <system-out/>
  <testcase name="testFour" time="0.005" classname="parallelScripts.SampleOneTest"/>
  <system-out/>
  <testcase name="testFour" time="0.013" classname="parallelScripts.SampleOneTest"/>
  <system-out/>
  <testcase name="testTwo" time="0.001" classname="parallelScripts.SampleOneTest"/>
  <system-out/>
  <testcase name="testFour" time="0.008" classname="parallelScripts.SampleOneTest"/>
  <system-out/>
  <testcase name="testThree" time="0.001" classname="parallelScripts.SampleOneTest"/>
  <system-out/>
  <testcase name="testFour" time="0.003" classname="parallelScripts.SampleOneTest"/>
  <system-out/>
</testsuite> <!-- parallelScripts.SampleOneTest -->
