<?xml version="1.0" encoding="UTF-8"?>
<!-- Generated by org.testng.reporters.JUnitReportReporter -->
<testsuite skipped="1" hostname="LAPTOP-02EF66VJ" name="testScripts.ExBankAccountTest" tests="5" failures="0" timestamp="2023-03-02T22:19:19 IST" time="31.632" errors="0">
  <testcase name="registerTest" time="9.346" classname="testScripts.ExBankAccountTest"/>
  <system-out/>
  <testcase name="createAccountTest" time="4.302" classname="testScripts.ExBankAccountTest"/>
  <system-out/>
  <testcase name="accTransactionTest" time="9.859" classname="testScripts.ExBankAccountTest"/>
  <system-out/>
  <testcase name="accOverviewTest" time="8.125" classname="testScripts.ExBankAccountTest"/>
  <system-out/>
  <testcase name="loginTest" classname="testScripts.ExBankAccountTest">
    <skipped/>
  </testcase> <!-- loginTest -->
  <system-out/>
</testsuite> <!-- testScripts.ExBankAccountTest -->
