<?xml version="1.0" encoding="UTF-8"?>
<!-- Generated by org.testng.reporters.JUnitReportReporter -->
<testsuite skipped="1" hostname="LAPTOP-02EF66VJ" name="testScripts.SampleOneTest" tests="3" failures="0" timestamp="2023-03-14T18:12:47 IST" time="9.493" errors="0">
  <testcase name="javaSearchTest" time="3.706" classname="testScripts.SampleOneTest"/>
  <system-out/>
  <testcase name="seleniumSearchTest" time="5.787" classname="testScripts.SampleOneTest"/>
  <system-out/>
  <testcase name="cucumberSearchTest" classname="testScripts.SampleOneTest">
    <skipped/>
  </testcase> <!-- cucumberSearchTest -->
  <system-out/>
</testsuite> <!-- testScripts.SampleOneTest -->
